<?xml version="1.0" encoding="UTF-8"?>
<!-- Generated by org.testng.reporters.JUnitXMLReporter -->
<testsuite ignored="0" hostname="LAPTOP-OQ5D6T00" failures="0" tests="3" name="OPD_Reg_Encounter_OP_charge_Charge_Verification_Search_patient_Test" time="255.236" errors="0" timestamp="2024-01-10T21:29:54 IST">
  <testcase classname="BillingTest.OPD_Reg_Encounter_OP_charge_Charge_Verification_Search_patient_Test" name="TC_01_Verify_Login" time="3.454"/>
  <testcase classname="BillingTest.OPD_Reg_Encounter_OP_charge_Charge_Verification_Search_patient_Test" name="TC_02_Verify_That_User_Is_Able_To_Do_Quick_Registration" time="116.17"/>
  <testcase classname="BillingTest.OPD_Reg_Encounter_OP_charge_Charge_Verification_Search_patient_Test" name="TC_03_Verify_That_User_Can_Verify_That_Charge_Verification_For_OP_Charge" time="101.298"/>
</testsuite> <!-- OPD_Reg_Encounter_OP_charge_Charge_Verification_Search_patient_Test -->
