<?xml version="1.0" encoding="UTF-8"?>
<!-- Generated by org.testng.reporters.JUnitXMLReporter -->
<testsuite ignored="0" hostname="LAPTOP-OQ5D6T00" failures="1" tests="5" name="OPReg_Encounter_Insurance_ADT_OPtoIPconvert_SaveAdmission_GLApproval_IPcharge_Save" time="640.915" errors="0" timestamp="2023-12-27T12:18:53 IST">
  <testcase classname="BillingTest.OPReg_Encounter_Insurance_ADT_OPtoIPconvert_SaveAdmission_GLApproval_IPcharge_Save" name="TC_01_Verify_Login" time="3.273"/>
  <testcase classname="BillingTest.OPReg_Encounter_Insurance_ADT_OPtoIPconvert_SaveAdmission_GLApproval_IPcharge_Save" name="TC_02_Verify_That_User_Is_Able_Fill_The_Basic_Information_To_Registration_Page" time="223.493"/>
  <testcase classname="BillingTest.OPReg_Encounter_Insurance_ADT_OPtoIPconvert_SaveAdmission_GLApproval_IPcharge_Save" name="TC_03_Verify_That_User_Is_Able_TO_Fill_Encounter_Details" time="52.24"/>
  <testcase classname="BillingTest.OPReg_Encounter_Insurance_ADT_OPtoIPconvert_SaveAdmission_GLApproval_IPcharge_Save" name="TC_04_Verify_User_Can_Fill_ADT_Admission_Form_Convert_Charges_For_OP_To_IP" time="213.802"/>
  <testcase classname="BillingTest.OPReg_Encounter_Insurance_ADT_OPtoIPconvert_SaveAdmission_GLApproval_IPcharge_Save" name="TC_05_Verify_User_Can_DO_GL_Approval_For_IP_Charges_With_insurance" time="132.138">
    <failure type="org.openqa.selenium.ElementClickInterceptedException" message="element click intercepted: Element &amp;lt;span class=&amp;quot;mat-select-min-line ng-tns-c218-639 ng-star-inserted&amp;quot;&amp;gt;...&amp;lt;/span&amp;gt; is not clickable at point (1332, 237). Other element would receive the click: &amp;lt;span class=&amp;quot;mat-option-text&amp;quot;&amp;gt;...&amp;lt;/span&amp;gt;
  (Session info: chrome=114.0.5735.199)
Build info: version: &amp;apos;4.16.0&amp;apos;, revision: &amp;apos;15400459dd*&amp;apos;
System info: os.name: &amp;apos;Windows 11&amp;apos;, os.arch: &amp;apos;amd64&amp;apos;, os.version: &amp;apos;10.0&amp;apos;, java.version: &amp;apos;20.0.2&amp;apos;
Driver info: org.openqa.selenium.chrome.ChromeDriver
Command: [897fe47a04200a5bf0fcc685cac5bd69, clickElement {id=17EDC720873721683547A76D4F3BB88A_element_1641}]
Capabilities {acceptInsecureCerts: false, browserName: chrome, browserVersion: 114.0.5735.199, chrome: {chromedriverVersion: 114.0.5735.90 (386bc09e8f4f..., userDataDir: C:\Users\Manisha\AppData\Lo...}, goog:chromeOptions: {debuggerAddress: localhost:56578}, networkConnectionEnabled: false, pageLoadStrategy: normal, platformName: windows, proxy: Proxy(), se:cdp: ws://localhost:56578/devtoo..., se:cdpVersion: 114.0.5735.199, setWindowRect: true, strictFileInteractability: false, timeouts: {implicit: 0, pageLoad: 300000, script: 30000}, unhandledPromptBehavior: dismiss and notify, webauthn:extension:credBlob: true, webauthn:extension:largeBlob: true, webauthn:extension:minPinLength: true, webauthn:extension:prf: true, webauthn:virtualAuthenticators: true}
Element: [[ChromeDriver: chrome on windows (897fe47a04200a5bf0fcc685cac5bd69)] -&amp;gt; xpath: //span[contains(text(),&amp;apos;AIA Berhad&amp;apos;)]]
Session ID: 897fe47a04200a5bf0fcc685cac5bd69">
      <![CDATA[org.openqa.selenium.ElementClickInterceptedException: element click intercepted: Element <span class="mat-select-min-line ng-tns-c218-639 ng-star-inserted">...</span> is not clickable at point (1332, 237). Other element would receive the click: <span class="mat-option-text">...</span>
  (Session info: chrome=114.0.5735.199)
Build info: version: '4.16.0', revision: '15400459dd*'
System info: os.name: 'Windows 11', os.arch: 'amd64', os.version: '10.0', java.version: '20.0.2'
Driver info: org.openqa.selenium.chrome.ChromeDriver
Command: [897fe47a04200a5bf0fcc685cac5bd69, clickElement {id=17EDC720873721683547A76D4F3BB88A_element_1641}]
Capabilities {acceptInsecureCerts: false, browserName: chrome, browserVersion: 114.0.5735.199, chrome: {chromedriverVersion: 114.0.5735.90 (386bc09e8f4f..., userDataDir: C:\Users\Manisha\AppData\Lo...}, goog:chromeOptions: {debuggerAddress: localhost:56578}, networkConnectionEnabled: false, pageLoadStrategy: normal, platformName: windows, proxy: Proxy(), se:cdp: ws://localhost:56578/devtoo..., se:cdpVersion: 114.0.5735.199, setWindowRect: true, strictFileInteractability: false, timeouts: {implicit: 0, pageLoad: 300000, script: 30000}, unhandledPromptBehavior: dismiss and notify, webauthn:extension:credBlob: true, webauthn:extension:largeBlob: true, webauthn:extension:minPinLength: true, webauthn:extension:prf: true, webauthn:virtualAuthenticators: true}
Element: [[ChromeDriver: chrome on windows (897fe47a04200a5bf0fcc685cac5bd69)] -> xpath: //span[contains(text(),'AIA Berhad')]]
Session ID: 897fe47a04200a5bf0fcc685cac5bd69
at org.openqa.selenium.remote.codec.w3c.W3CHttpResponseCodec.createException(W3CHttpResponseCodec.java:200)
at org.openqa.selenium.remote.codec.w3c.W3CHttpResponseCodec.decode(W3CHttpResponseCodec.java:133)
at org.openqa.selenium.remote.codec.w3c.W3CHttpResponseCodec.decode(W3CHttpResponseCodec.java:52)
at org.openqa.selenium.remote.HttpCommandExecutor.execute(HttpCommandExecutor.java:191)
at org.openqa.selenium.remote.service.DriverCommandExecutor.invokeExecute(DriverCommandExecutor.java:200)
at org.openqa.selenium.remote.service.DriverCommandExecutor.execute(DriverCommandExecutor.java:175)
at org.openqa.selenium.remote.RemoteWebDriver.execute(RemoteWebDriver.java:523)
at org.openqa.selenium.remote.RemoteWebElement.execute(RemoteWebElement.java:224)
at org.openqa.selenium.remote.RemoteWebElement.click(RemoteWebElement.java:77)
at BillingPages.GLApproval_For_OP_IP.GLApprovalForOPToIP(GLApproval_For_OP_IP.java:387)
at BillingTest.OPReg_Encounter_Insurance_ADT_OPtoIPconvert_SaveAdmission_GLApproval_IPcharge_Save.TC_05_Verify_User_Can_DO_GL_Approval_For_IP_Charges_With_insurance(OPReg_Encounter_Insurance_ADT_OPtoIPconvert_SaveAdmission_GLApproval_IPcharge_Save.java:77)
at java.base/java.util.ArrayList.forEach(ArrayList.java:1511)
... Removed 28 stack frames]]>
    </failure>
  </testcase> <!-- TC_05_Verify_User_Can_DO_GL_Approval_For_IP_Charges_With_insurance -->
</testsuite> <!-- OPReg_Encounter_Insurance_ADT_OPtoIPconvert_SaveAdmission_GLApproval_IPcharge_Save -->
