<?xml version="1.0" encoding="UTF-8"?>
<!-- Generated by org.testng.reporters.JUnitXMLReporter -->
<testsuite ignored="0" hostname="LAPTOP-OQ5D6T00" failures="0" tests="5" name="OP_Reg_InsuranceADT_OP_to_IP_convert_save_admission_GL_Approval_IP_charge_IPD_Bill_Apply_Discount" time="749.018" errors="0" timestamp="2023-12-29T12:17:42 IST">
  <testcase classname="BillingTest.OP_Reg_InsuranceADT_OP_to_IP_convert_save_admission_GL_Approval_IP_charge_IPD_Bill_Apply_Discount" name="TC_01_Verify_Login" time="3.851"/>
  <testcase classname="BillingTest.OP_Reg_InsuranceADT_OP_to_IP_convert_save_admission_GL_Approval_IP_charge_IPD_Bill_Apply_Discount" name="TC_02_Verify_That_User_Is_Able_Fill_The_Basic_Information_To_Registration_Page" time="228.19"/>
  <testcase classname="BillingTest.OP_Reg_InsuranceADT_OP_to_IP_convert_save_admission_GL_Approval_IP_charge_IPD_Bill_Apply_Discount" name="TC_03_Verify_That_User_Is_Able_TO_Fill_Encounter_Details" time="53.852"/>
  <testcase classname="BillingTest.OP_Reg_InsuranceADT_OP_to_IP_convert_save_admission_GL_Approval_IP_charge_IPD_Bill_Apply_Discount" name="TC_04_Verify_User_Can_Fill_ADT_Admission_Form_Convert_Charges_For_OP_To_IP" time="212.443"/>
  <testcase classname="BillingTest.OP_Reg_InsuranceADT_OP_to_IP_convert_save_admission_GL_Approval_IP_charge_IPD_Bill_Apply_Discount" name="TC_05_Verify_User_Can_DO_GL_Approval_For_IP_Charges_And_IPD_BILL_Apply_Discount" time="229.06"/>
</testsuite> <!-- OP_Reg_InsuranceADT_OP_to_IP_convert_save_admission_GL_Approval_IP_charge_IPD_Bill_Apply_Discount -->
