<?xml version="1.0" encoding="UTF-8"?>
<!-- Generated by org.testng.reporters.JUnitXMLReporter -->
<testsuite ignored="0" hostname="LAPTOP-OQ5D6T00" failures="1" tests="2" name="testbedBlock" time="114.507" errors="0" timestamp="2023-11-29T10:40:18 IST">
  <testcase classname="ADTTest.Multiple_Bed_Blocking" name="TC_01_verify_That_User_Is_Able_To_Login_ADT_Form_Bed_Blocking" time="4.408"/>
  <testcase classname="ADTTest.Multiple_Bed_Blocking" name="Tc_02_Verify_User_Can_Able_TO_Do_Multiple_Bed_Blocking" time="87.816">
    <failure type="java.lang.AssertionError" message="No patients found matching this search expected [true] but found [false]">
      <![CDATA[java.lang.AssertionError: No patients found matching this search expected [true] but found [false]
at ADTPages.MultipleBedBlocking.Multiple_Bed_Blocking_Screen(MultipleBedBlocking.java:228)
at ADTTest.Multiple_Bed_Blocking.Tc_02_Verify_User_Can_Able_TO_Do_Multiple_Bed_Blocking(Multiple_Bed_Blocking.java:44)
at java.base/java.util.ArrayList.forEach(ArrayList.java:1511)
... Removed 28 stack frames]]>
    </failure>
  </testcase> <!-- Tc_02_Verify_User_Can_Able_TO_Do_Multiple_Bed_Blocking -->
</testsuite> <!-- testbedBlock -->
